[loopinfosol.in/themeforest/ekka-html-v2/ekka-html/index.html]
[backblue.gif]
[fade.gif]
[index.html]
[loopinfosol.in/themeforest/ekka-html-v2/ekka-html/assets/images/favicon/favicon.png]
[loopinfosol.in/themeforest/ekka-html-v2/ekka-html/assets/css/plugins/animate.css]
[loopinfosol.in/themeforest/ekka-html-v2/ekka-html/assets/css/vendor/ecicons.min.css]
[loopinfosol.in/themeforest/ekka-html-v2/ekka-html/assets/css/plugins/swiper-bundle.min.css]
[loopinfosol.in/themeforest/ekka-html-v2/ekka-html/assets/css/plugins/jquery-ui.min.css]
[loopinfosol.in/themeforest/ekka-html-v2/ekka-html/assets/css/plugins/countdownTimer.css]
[loopinfosol.in/themeforest/ekka-html-v2/ekka-html/assets/css/plugins/slick.min.css]
[loopinfosol.in/themeforest/ekka-html-v2/ekka-html/assets/css/responsive.css]
[loopinfosol.in/themeforest/ekka-html-v2/ekka-html/assets/css/demo1.css]
[loopinfosol.in/themeforest/ekka-html-v2/ekka-html/assets/css/backgrounds/bg-4.css]
[loopinfosol.in/themeforest/ekka-html-v2/ekka-html/assets/images/icons/user.svg]
[loopinfosol.in/themeforest/ekka-html-v2/ekka-html/assets/css/plugins/bootstrap.css]
[loopinfosol.in/themeforest/ekka-html-v2/ekka-html/register.html]
[loopinfosol.in/themeforest/ekka-html-v2/ekka-html/checkout.html]
[loopinfosol.in/themeforest/ekka-html-v2/ekka-html/login.html]
[loopinfosol.in/themeforest/ekka-html-v2/ekka-html/wishlist.html]
[loopinfosol.in/themeforest/ekka-html-v2/ekka-html/assets/images/icons/wishlist.svg]
[loopinfosol.in/themeforest/ekka-html-v2/ekka-html/assets/images/icons/cart.svg]
[loopinfosol.in/themeforest/ekka-html-v2/ekka-html/assets/images/icons/menu.svg]
[loopinfosol.in/themeforest/ekka-html-v2/ekka-html/assets/images/logo/logo.png]
[loopinfosol.in/themeforest/ekka-html-v2/ekka-html/assets/images/logo/dark-logo.png]
[loopinfosol.in/themeforest/ekka-html-v2/ekka-html/assets/images/icons/search.svg]
[loopinfosol.in/themeforest/ekka-html-v2/ekka-html/shop-left-sidebar-col-3.html]
[loopinfosol.in/themeforest/ekka-html-v2/ekka-html/shop-left-sidebar-col-4.html]
[loopinfosol.in/themeforest/ekka-html-v2/ekka-html/shop-right-sidebar-col-3.html]
[loopinfosol.in/themeforest/ekka-html-v2/ekka-html/shop-right-sidebar-col-4.html]
[loopinfosol.in/themeforest/ekka-html-v2/ekka-html/shop-full-width.html]
[loopinfosol.in/themeforest/ekka-html-v2/ekka-html/shop-banner-left-sidebar-col-3.html]
[loopinfosol.in/themeforest/ekka-html-v2/ekka-html/shop-banner-left-sidebar-col-4.html]
[loopinfosol.in/themeforest/ekka-html-v2/ekka-html/shop-banner-right-sidebar-col-3.html]
[loopinfosol.in/themeforest/ekka-html-v2/ekka-html/shop-banner-right-sidebar-col-4.html]
[loopinfosol.in/themeforest/ekka-html-v2/ekka-html/shop-banner-full-width.html]
[loopinfosol.in/themeforest/ekka-html-v2/ekka-html/shop-full-width-col-3.html]
[loopinfosol.in/themeforest/ekka-html-v2/ekka-html/shop-full-width-col-4.html]
[loopinfosol.in/themeforest/ekka-html-v2/ekka-html/shop-full-width-col-5.html]
[loopinfosol.in/themeforest/ekka-html-v2/ekka-html/shop-full-width-col-6.html]
[loopinfosol.in/themeforest/ekka-html-v2/ekka-html/shop-banner-full-width-col-3.html]
[loopinfosol.in/themeforest/ekka-html-v2/ekka-html/shop-list-left-sidebar.html]
[loopinfosol.in/themeforest/ekka-html-v2/ekka-html/shop-list-right-sidebar.html]
[loopinfosol.in/themeforest/ekka-html-v2/ekka-html/shop-list-banner-left-sidebar.html]
[loopinfosol.in/themeforest/ekka-html-v2/ekka-html/shop-list-banner-right-sidebar.html]
[loopinfosol.in/themeforest/ekka-html-v2/ekka-html/shop-list-full-col-2.html]
[loopinfosol.in/themeforest/ekka-html-v2/ekka-html/assets/images/menu-banner/1.jpg]
[loopinfosol.in/themeforest/ekka-html-v2/ekka-html/assets/images/menu-banner/2.jpg]
[loopinfosol.in/themeforest/ekka-html-v2/ekka-html/assets/images/menu-banner/3.jpg]
[loopinfosol.in/themeforest/ekka-html-v2/ekka-html/assets/images/menu-banner/4.jpg]
[loopinfosol.in/themeforest/ekka-html-v2/ekka-html/product-left-sidebar.html]
[loopinfosol.in/themeforest/ekka-html-v2/ekka-html/product-right-sidebar.html]
[loopinfosol.in/themeforest/ekka-html-v2/ekka-html/product-360-left-sidebar.html]
[loopinfosol.in/themeforest/ekka-html-v2/ekka-html/product-360-right-sidebar.html]
[loopinfosol.in/themeforest/ekka-html-v2/ekka-html/product-video-left-sidebar.html]
[loopinfosol.in/themeforest/ekka-html-v2/ekka-html/product-video-right-sidebar.html]
[loopinfosol.in/themeforest/ekka-html-v2/ekka-html/product-gallery-left-sidebar.html]
[loopinfosol.in/themeforest/ekka-html-v2/ekka-html/product-gallery-right-sidebar.html]
[loopinfosol.in/themeforest/ekka-html-v2/ekka-html/product-full-width.html]
[loopinfosol.in/themeforest/ekka-html-v2/ekka-html/product-360-full-width.html]
[loopinfosol.in/themeforest/ekka-html-v2/ekka-html/product-video-full-width.html]
[loopinfosol.in/themeforest/ekka-html-v2/ekka-html/product-gallery-full-width.html]
[loopinfosol.in/themeforest/ekka-html-v2/ekka-html/about-us.html]
[loopinfosol.in/themeforest/ekka-html-v2/ekka-html/contact-us.html]
[loopinfosol.in/themeforest/ekka-html-v2/ekka-html/cart.html]
[loopinfosol.in/themeforest/ekka-html-v2/ekka-html/compare.html]
[loopinfosol.in/themeforest/ekka-html-v2/ekka-html/faq.html]
[loopinfosol.in/themeforest/ekka-html-v2/ekka-html/track-order.html]
[loopinfosol.in/themeforest/ekka-html-v2/ekka-html/terms-condition.html]
[loopinfosol.in/themeforest/ekka-html-v2/ekka-html/privacy-policy.html]
[loopinfosol.in/themeforest/ekka-html-v2/ekka-html/email-template-confirm-1.html]
[loopinfosol.in/themeforest/ekka-html-v2/ekka-html/email-template-confirm-2.html]
[loopinfosol.in/themeforest/ekka-html-v2/ekka-html/email-template-confirm-3.html]
[loopinfosol.in/themeforest/ekka-html-v2/ekka-html/email-template-confirm-4.html]
[loopinfosol.in/themeforest/ekka-html-v2/ekka-html/email-template-confirm-5.html]
[loopinfosol.in/themeforest/ekka-html-v2/ekka-html/email-template-forgot-password-1.html]
[loopinfosol.in/themeforest/ekka-html-v2/ekka-html/email-template-forgot-password-2.html]
[loopinfosol.in/themeforest/ekka-html-v2/ekka-html/email-template-forgot-password-3.html]
[loopinfosol.in/themeforest/ekka-html-v2/ekka-html/email-template-forgot-password-4.html]
[loopinfosol.in/themeforest/ekka-html-v2/ekka-html/email-template-forgot-password-5.html]
[loopinfosol.in/themeforest/ekka-html-v2/ekka-html/email-template-offers-1.html]
[loopinfosol.in/themeforest/ekka-html-v2/ekka-html/email-template-offers-2.html]
[loopinfosol.in/themeforest/ekka-html-v2/ekka-html/email-template-offers-3.html]
[loopinfosol.in/themeforest/ekka-html-v2/ekka-html/email-template-offers-4.html]
[loopinfosol.in/themeforest/ekka-html-v2/ekka-html/email-template-offers-5.html]
[loopinfosol.in/themeforest/ekka-html-v2/ekka-html/email-template-offers-6.html]
[loopinfosol.in/themeforest/ekka-html-v2/ekka-html/email-template-offers-7.html]
[loopinfosol.in/themeforest/ekka-html-v2/ekka-html/email-template-offers-8.html]
[loopinfosol.in/themeforest/ekka-html-v2/ekka-html/vendor-dashboard.html]
[loopinfosol.in/themeforest/ekka-html-v2/ekka-html/vendor-profile.html]
[loopinfosol.in/themeforest/ekka-html-v2/ekka-html/vendor-uploads.html]
[loopinfosol.in/themeforest/ekka-html-v2/ekka-html/vendor-settings.html]
[loopinfosol.in/themeforest/ekka-html-v2/ekka-html/user-profile.html]
[loopinfosol.in/themeforest/ekka-html-v2/ekka-html/user-history.html]
[loopinfosol.in/themeforest/ekka-html-v2/ekka-html/user-invoice.html]
[loopinfosol.in/themeforest/ekka-html-v2/ekka-html/404-error-page.html]
[loopinfosol.in/themeforest/ekka-html-v2/ekka-html/under-maintenance.html]
[loopinfosol.in/themeforest/ekka-html-v2/ekka-html/coming-soon.html]
[loopinfosol.in/themeforest/ekka-html-v2/ekka-html/catalog-single-vendor.html]
[loopinfosol.in/themeforest/ekka-html-v2/ekka-html/catalog-multi-vendor.html]
[loopinfosol.in/themeforest/ekka-html-v2/ekka-html/blog-left-sidebar.html]
[loopinfosol.in/themeforest/ekka-html-v2/ekka-html/blog-right-sidebar.html]
[loopinfosol.in/themeforest/ekka-html-v2/ekka-html/blog-detail-left-sidebar.html]
[loopinfosol.in/themeforest/ekka-html-v2/ekka-html/blog-detail-right-sidebar.html]
[loopinfosol.in/themeforest/ekka-html-v2/ekka-html/blog-full-width.html]
[loopinfosol.in/themeforest/ekka-html-v2/ekka-html/blog-detail-full-width.html]
[loopinfosol.in/themeforest/ekka-html-v2/ekka-html/elemets-products.html]
[loopinfosol.in/themeforest/ekka-html-v2/ekka-html/elemets-typography.html]
[loopinfosol.in/themeforest/ekka-html-v2/ekka-html/elemets-title.html]
[loopinfosol.in/themeforest/ekka-html-v2/ekka-html/elemets-categories.html]
[loopinfosol.in/themeforest/ekka-html-v2/ekka-html/elemets-buttons.html]
[loopinfosol.in/themeforest/ekka-html-v2/ekka-html/elemets-tabs.html]
[loopinfosol.in/themeforest/ekka-html-v2/ekka-html/elemets-accordions.html]
[loopinfosol.in/themeforest/ekka-html-v2/ekka-html/elemets-blog.html]
[loopinfosol.in/themeforest/ekka-html-v2/ekka-html/offer.html]
[loopinfosol.in/themeforest/ekka-html-v2/ekka-html/assets/images/product-image/6_1.jpg]
[loopinfosol.in/themeforest/ekka-html-v2/ekka-html/assets/images/product-image/12_1.jpg]
[loopinfosol.in/themeforest/ekka-html-v2/ekka-html/assets/images/product-image/3_1.jpg]
[loopinfosol.in/themeforest/ekka-html-v2/ekka-html/assets/images/product-image/6_2.jpg]
[loopinfosol.in/themeforest/ekka-html-v2/ekka-html/assets/images/icons/quickview.svg]
[loopinfosol.in/themeforest/ekka-html-v2/ekka-html/assets/images/icons/compare.svg]
[loopinfosol.in/themeforest/ekka-html-v2/ekka-html/assets/images/product-image/7_1.jpg]
[loopinfosol.in/themeforest/ekka-html-v2/ekka-html/assets/images/product-image/7_2.jpg]
[loopinfosol.in/themeforest/ekka-html-v2/ekka-html/assets/images/product-image/1_1.jpg]
[loopinfosol.in/themeforest/ekka-html-v2/ekka-html/assets/images/product-image/1_2.jpg]
[loopinfosol.in/themeforest/ekka-html-v2/ekka-html/assets/images/product-image/1_3.jpg]
[loopinfosol.in/themeforest/ekka-html-v2/ekka-html/assets/images/product-image/1_4.jpg]
[loopinfosol.in/themeforest/ekka-html-v2/ekka-html/assets/images/product-image/2_1.jpg]
[loopinfosol.in/themeforest/ekka-html-v2/ekka-html/assets/images/product-image/2_2.jpg]
[loopinfosol.in/themeforest/ekka-html-v2/ekka-html/assets/images/product-image/3_2.jpg]
[loopinfosol.in/themeforest/ekka-html-v2/ekka-html/assets/images/product-image/3_3.jpg]
[loopinfosol.in/themeforest/ekka-html-v2/ekka-html/assets/images/product-image/3_5.jpg]
[loopinfosol.in/themeforest/ekka-html-v2/ekka-html/assets/images/product-image/4_1.jpg]
[loopinfosol.in/themeforest/ekka-html-v2/ekka-html/assets/images/product-image/4_2.jpg]
[loopinfosol.in/themeforest/ekka-html-v2/ekka-html/assets/images/product-image/4_3.jpg]
[loopinfosol.in/themeforest/ekka-html-v2/ekka-html/assets/images/product-image/4_4.jpg]
[loopinfosol.in/themeforest/ekka-html-v2/ekka-html/assets/images/product-image/5_1.jpg]
[loopinfosol.in/themeforest/ekka-html-v2/ekka-html/assets/images/product-image/5_2.jpg]
[loopinfosol.in/themeforest/ekka-html-v2/ekka-html/assets/images/product-image/8_1.jpg]
[loopinfosol.in/themeforest/ekka-html-v2/ekka-html/assets/images/product-image/8_2.jpg]
[loopinfosol.in/themeforest/ekka-html-v2/ekka-html/assets/images/product-image/8_3.jpg]
[loopinfosol.in/themeforest/ekka-html-v2/ekka-html/assets/images/product-image/8_4.jpg]
[loopinfosol.in/themeforest/ekka-html-v2/ekka-html/assets/images/product-image/10_1.jpg]
[loopinfosol.in/themeforest/ekka-html-v2/ekka-html/assets/images/product-image/10_2.jpg]
[loopinfosol.in/themeforest/ekka-html-v2/ekka-html/assets/images/product-image/10_3.jpg]
[loopinfosol.in/themeforest/ekka-html-v2/ekka-html/assets/images/product-image/10_4.jpg]
[loopinfosol.in/themeforest/ekka-html-v2/ekka-html/assets/images/product-image/9_1.jpg]
[loopinfosol.in/themeforest/ekka-html-v2/ekka-html/assets/images/product-image/9_2.jpg]
[loopinfosol.in/themeforest/ekka-html-v2/ekka-html/assets/images/product-image/9_3.jpg]
[loopinfosol.in/themeforest/ekka-html-v2/ekka-html/assets/images/product-image/11_1.jpg]
[loopinfosol.in/themeforest/ekka-html-v2/ekka-html/assets/images/product-image/11_2.jpg]
[loopinfosol.in/themeforest/ekka-html-v2/ekka-html/assets/images/product-image/11_3.jpg]
[loopinfosol.in/themeforest/ekka-html-v2/ekka-html/assets/images/product-image/11_4.jpg]
[loopinfosol.in/themeforest/ekka-html-v2/ekka-html/assets/images/product-image/12_2.jpg]
[loopinfosol.in/themeforest/ekka-html-v2/ekka-html/assets/images/product-image/12_3.jpg]
[loopinfosol.in/themeforest/ekka-html-v2/ekka-html/assets/images/product-image/12_4.jpg]
[loopinfosol.in/themeforest/ekka-html-v2/ekka-html/assets/images/product-image/13_1.jpg]
[loopinfosol.in/themeforest/ekka-html-v2/ekka-html/assets/images/product-image/13_2.jpg]
[loopinfosol.in/themeforest/ekka-html-v2/ekka-html/assets/images/product-image/13_3.jpg]
[loopinfosol.in/themeforest/ekka-html-v2/ekka-html/assets/images/product-image/13_4.jpg]
[loopinfosol.in/themeforest/ekka-html-v2/ekka-html/assets/images/product-image/14_1.jpg]
[loopinfosol.in/themeforest/ekka-html-v2/ekka-html/assets/images/product-image/14_2.jpg]
[loopinfosol.in/themeforest/ekka-html-v2/ekka-html/assets/images/product-image/14_3.jpg]
[loopinfosol.in/themeforest/ekka-html-v2/ekka-html/assets/images/product-image/14_4.jpg]
[loopinfosol.in/themeforest/ekka-html-v2/ekka-html/assets/images/product-image/15_1.jpg]
[loopinfosol.in/themeforest/ekka-html-v2/ekka-html/assets/images/product-image/15_2.jpg]
[loopinfosol.in/themeforest/ekka-html-v2/ekka-html/assets/images/product-image/15_3.jpg]
[loopinfosol.in/themeforest/ekka-html-v2/ekka-html/assets/images/product-image/15_4.jpg]
[loopinfosol.in/themeforest/ekka-html-v2/ekka-html/assets/images/product-image/16_1.jpg]
[loopinfosol.in/themeforest/ekka-html-v2/ekka-html/assets/images/product-image/16_2.jpg]
[loopinfosol.in/themeforest/ekka-html-v2/ekka-html/assets/images/product-image/16_3.jpg]
[loopinfosol.in/themeforest/ekka-html-v2/ekka-html/assets/images/product-image/16_4.jpg]
[loopinfosol.in/themeforest/ekka-html-v2/ekka-html/assets/images/product-image/17_1.jpg]
[loopinfosol.in/themeforest/ekka-html-v2/ekka-html/assets/images/product-image/17_2.jpg]
[loopinfosol.in/themeforest/ekka-html-v2/ekka-html/assets/images/product-image/17_3.jpg]
[loopinfosol.in/themeforest/ekka-html-v2/ekka-html/assets/images/product-image/17_4.jpg]
[loopinfosol.in/themeforest/ekka-html-v2/ekka-html/assets/images/banner/2.jpg]
[loopinfosol.in/themeforest/ekka-html-v2/ekka-html/assets/images/banner/3.jpg]
[loopinfosol.in/themeforest/ekka-html-v2/ekka-html/assets/images/icons/cat_1.png]
[loopinfosol.in/themeforest/ekka-html-v2/ekka-html/assets/images/icons/cat_1_1.png]
[loopinfosol.in/themeforest/ekka-html-v2/ekka-html/assets/images/icons/cat_2.png]
[loopinfosol.in/themeforest/ekka-html-v2/ekka-html/assets/images/icons/cat_2_1.png]
[loopinfosol.in/themeforest/ekka-html-v2/ekka-html/assets/images/icons/cat_3.png]
[loopinfosol.in/themeforest/ekka-html-v2/ekka-html/assets/images/icons/cat_3_1.png]
[loopinfosol.in/themeforest/ekka-html-v2/ekka-html/assets/images/icons/cat_4.png]
[loopinfosol.in/themeforest/ekka-html-v2/ekka-html/assets/images/icons/cat_4_1.png]
[loopinfosol.in/themeforest/ekka-html-v2/ekka-html/assets/images/cat-banner/1.jpg]
[loopinfosol.in/themeforest/ekka-html-v2/ekka-html/assets/images/cat-banner/2.jpg]
[loopinfosol.in/themeforest/ekka-html-v2/ekka-html/assets/images/cat-banner/3.jpg]
[loopinfosol.in/themeforest/ekka-html-v2/ekka-html/assets/images/cat-banner/4.jpg]
[loopinfosol.in/themeforest/ekka-html-v2/ekka-html/assets/images/icons/service_1.svg]
[loopinfosol.in/themeforest/ekka-html-v2/ekka-html/assets/images/icons/service_2.svg]
[loopinfosol.in/themeforest/ekka-html-v2/ekka-html/assets/images/icons/service_3.svg]
[loopinfosol.in/themeforest/ekka-html-v2/ekka-html/assets/images/icons/service_4.svg]
[loopinfosol.in/themeforest/ekka-html-v2/ekka-html/assets/images/offer-image/1.png]
[loopinfosol.in/themeforest/ekka-html-v2/ekka-html/assets/images/testimonial/top-quotes.svg]
[loopinfosol.in/themeforest/ekka-html-v2/ekka-html/assets/images/testimonial/1.jpg]
[loopinfosol.in/themeforest/ekka-html-v2/ekka-html/assets/images/testimonial/bottom-quotes.svg]
[loopinfosol.in/themeforest/ekka-html-v2/ekka-html/assets/images/testimonial/2.jpg]
[loopinfosol.in/themeforest/ekka-html-v2/ekka-html/assets/images/testimonial/3.jpg]
[loopinfosol.in/themeforest/ekka-html-v2/ekka-html/assets/images/brand-image/1.png]
[loopinfosol.in/themeforest/ekka-html-v2/ekka-html/assets/images/brand-image/2.png]
[loopinfosol.in/themeforest/ekka-html-v2/ekka-html/assets/images/brand-image/3.png]
[loopinfosol.in/themeforest/ekka-html-v2/ekka-html/assets/images/brand-image/4.png]
[loopinfosol.in/themeforest/ekka-html-v2/ekka-html/assets/images/brand-image/5.png]
[loopinfosol.in/themeforest/ekka-html-v2/ekka-html/assets/images/brand-image/6.png]
[loopinfosol.in/themeforest/ekka-html-v2/ekka-html/assets/images/brand-image/7.png]
[loopinfosol.in/themeforest/ekka-html-v2/ekka-html/assets/images/brand-image/8.png]
[loopinfosol.in/themeforest/ekka-html-v2/ekka-html/assets/images/instragram-image/1.jpg]
[loopinfosol.in/themeforest/ekka-html-v2/ekka-html/assets/images/instragram-image/2.jpg]
[loopinfosol.in/themeforest/ekka-html-v2/ekka-html/assets/images/instragram-image/3.jpg]
[loopinfosol.in/themeforest/ekka-html-v2/ekka-html/assets/images/instragram-image/4.jpg]
[loopinfosol.in/themeforest/ekka-html-v2/ekka-html/assets/images/instragram-image/5.jpg]
[loopinfosol.in/themeforest/ekka-html-v2/ekka-html/assets/images/instragram-image/6.jpg]
[loopinfosol.in/themeforest/ekka-html-v2/ekka-html/assets/images/instragram-image/7.jpg]
[loopinfosol.in/themeforest/ekka-html-v2/ekka-html/assets/images/logo/footer-logo.png]
[loopinfosol.in/themeforest/ekka-html-v2/ekka-html/assets/images/icons/payment.png]
[loopinfosol.in/themeforest/ekka-html-v2/ekka-html/assets/images/product-image/3_4.jpg]
[loopinfosol.in/themeforest/ekka-html-v2/ekka-html/assets/images/banner/newsletter.png]
[loopinfosol.in/themeforest/ekka-html-v2/ekka-html/assets/images/icons/home.svg]
[loopinfosol.in/themeforest/ekka-html-v2/ekka-html/assets/images/product-image/1.jpg]
[loopinfosol.in/themeforest/ekka-html-v2/ekka-html/assets/images/whatsapp/profile_01.jpg]
[loopinfosol.in/themeforest/ekka-html-v2/ekka-html/assets/images/whatsapp/profile_02.jpg]
[loopinfosol.in/themeforest/ekka-html-v2/ekka-html/assets/images/whatsapp/profile_03.jpg]
[loopinfosol.in/themeforest/ekka-html-v2/ekka-html/assets/images/whatsapp/profile_04.jpg]
[loopinfosol.in/themeforest/ekka-html-v2/ekka-html/assets/images/common/whatsapp.png]
[loopinfosol.in/themeforest/ekka-html-v2/ekka-html/assets/images/common/settings.png]
[loopinfosol.in/cdn-cgi/scripts/5c5dd728/cloudflare-static/email-decode.min.js]
[loopinfosol.in/themeforest/ekka-html-v2/ekka-html/assets/js/vendor/jquery-3.5.1.min.js]
[loopinfosol.in/themeforest/ekka-html-v2/ekka-html/assets/js/vendor/popper.min.js]
[loopinfosol.in/themeforest/ekka-html-v2/ekka-html/assets/js/vendor/bootstrap.min.js]
[loopinfosol.in/themeforest/ekka-html-v2/ekka-html/assets/js/vendor/jquery-migrate-3.3.0.min.js]
[loopinfosol.in/themeforest/ekka-html-v2/ekka-html/assets/js/vendor/modernizr-3.11.2.min.js]
[loopinfosol.in/themeforest/ekka-html-v2/ekka-html/assets/js/plugins/swiper-bundle.min.js]
[loopinfosol.in/themeforest/ekka-html-v2/ekka-html/assets/js/plugins/countdownTimer.min.js]
[loopinfosol.in/themeforest/ekka-html-v2/ekka-html/assets/js/plugins/scrollup.js]
[loopinfosol.in/themeforest/ekka-html-v2/ekka-html/assets/js/plugins/jquery.zoom.min.js]
[loopinfosol.in/themeforest/ekka-html-v2/ekka-html/assets/js/plugins/slick.min.js]
[loopinfosol.in/themeforest/ekka-html-v2/ekka-html/assets/js/plugins/infiniteslidev2.js]
[loopinfosol.in/themeforest/ekka-html-v2/ekka-html/assets/js/vendor/jquery.magnific-popup.min.js]
[loopinfosol.in/themeforest/ekka-html-v2/ekka-html/assets/js/plugins/jquery.sticky-sidebar.js]
[loopinfosol.in/themeforest/ekka-html-v2/ekka-html/assets/js/vendor/index.js]
[loopinfosol.in/themeforest/ekka-html-v2/ekka-html/assets/js/main.js]
[loopinfosol.in/themeforest/ekka-html-v2/ekka-html/index.html]
[loopinfosol.in/themeforest/ekka-html-v2/ekka-html/assets/fonts/ecicons/ecicons3e6e.eot]
[loopinfosol.in/themeforest/ekka-html-v2/ekka-html/assets/fonts/ecicons/eciconsd41d.eot]
[loopinfosol.in/themeforest/ekka-html-v2/ekka-html/assets/fonts/ecicons/ecicons3e6e.woff2]
[loopinfosol.in/themeforest/ekka-html-v2/ekka-html/assets/fonts/ecicons/ecicons3e6e.woff]
[loopinfosol.in/themeforest/ekka-html-v2/ekka-html/assets/fonts/ecicons/ecicons3e6e.ttf]
[loopinfosol.in/themeforest/ekka-html-v2/ekka-html/assets/css/vendor/ecicons.min.css]
[loopinfosol.in/themeforest/ekka-html-v2/ekka-html/assets/css/plugins/animate.css]
[loopinfosol.in/themeforest/ekka-html-v2/ekka-html/assets/css/plugins/swiper-bundle.min.css]
[loopinfosol.in/themeforest/ekka-html-v2/ekka-html/assets/fonts/ecicons/ecicons3e6e.svg]
[loopinfosol.in/themeforest/ekka-html-v2/ekka-html/assets/css/plugins/images/ui-icons_444444_256x240.png]
[loopinfosol.in/themeforest/ekka-html-v2/ekka-html/assets/css/plugins/images/ui-icons_555555_256x240.png]
[loopinfosol.in/themeforest/ekka-html-v2/ekka-html/assets/css/plugins/images/ui-icons_ffffff_256x240.png]
[loopinfosol.in/themeforest/ekka-html-v2/ekka-html/assets/css/plugins/images/ui-icons_777620_256x240.png]
[loopinfosol.in/themeforest/ekka-html-v2/ekka-html/assets/css/plugins/images/ui-icons_cc0000_256x240.png]
[loopinfosol.in/themeforest/ekka-html-v2/ekka-html/assets/css/plugins/images/ui-icons_777777_256x240.png]
[loopinfosol.in/themeforest/ekka-html-v2/ekka-html/assets/css/plugins/jquery-ui.min.css]
[loopinfosol.in/themeforest/ekka-html-v2/ekka-html/assets/css/plugins/countdownTimer.css]
[loopinfosol.in/themeforest/ekka-html-v2/ekka-html/assets/css/plugins/slick.min.css]
[loopinfosol.in/themeforest/ekka-html-v2/ekka-html/assets/css/plugins/bootstrap.css]
[loopinfosol.in/themeforest/ekka-html-v2/ekka-html/assets/fonts/poppins/Poppins-Thin.ttf]
[loopinfosol.in/themeforest/ekka-html-v2/ekka-html/assets/fonts/poppins/Poppins-ExtraLight.ttf]
[loopinfosol.in/themeforest/ekka-html-v2/ekka-html/assets/fonts/poppins/Poppins-Light.ttf]
[loopinfosol.in/themeforest/ekka-html-v2/ekka-html/assets/fonts/poppins/Poppins-Regular.ttf]
[loopinfosol.in/themeforest/ekka-html-v2/ekka-html/assets/fonts/poppins/Poppins-Medium.ttf]
[loopinfosol.in/themeforest/ekka-html-v2/ekka-html/assets/fonts/poppins/Poppins-SemiBold.ttf]
[loopinfosol.in/themeforest/ekka-html-v2/ekka-html/assets/fonts/poppins/Poppins-Bold.ttf]
[loopinfosol.in/themeforest/ekka-html-v2/ekka-html/assets/fonts/poppins/Poppins-ExtraBold.ttf]
[loopinfosol.in/themeforest/ekka-html-v2/ekka-html/assets/fonts/poppins/Poppins-Black.ttf]
[loopinfosol.in/themeforest/ekka-html-v2/ekka-html/assets/fonts/fjalla/FjallaOne-Regular.ttf]
[loopinfosol.in/themeforest/ekka-html-v2/ekka-html/assets/fonts/montserrat/Montserrat-Regular.ttf]
[loopinfosol.in/themeforest/ekka-html-v2/ekka-html/assets/fonts/montserrat/Montserrat-SemiBold.ttf]
[loopinfosol.in/themeforest/ekka-html-v2/ekka-html/assets/fonts/montserrat/Montserrat-Bold.ttf]
[loopinfosol.in/themeforest/ekka-html-v2/ekka-html/assets/fonts/montserrat/Montserrat-ExtraBold.ttf]
[loopinfosol.in/themeforest/ekka-html-v2/ekka-html/assets/fonts/oswald/Oswald-ExtraLight.ttf]
[loopinfosol.in/themeforest/ekka-html-v2/ekka-html/assets/fonts/oswald/Oswald-Light.ttf]
[loopinfosol.in/themeforest/ekka-html-v2/ekka-html/assets/fonts/oswald/Oswald-Regular.ttf]
[loopinfosol.in/themeforest/ekka-html-v2/ekka-html/assets/fonts/oswald/Oswald-Medium.ttf]
[loopinfosol.in/themeforest/ekka-html-v2/ekka-html/assets/fonts/oswald/Oswald-SemiBold.ttf]
[loopinfosol.in/themeforest/ekka-html-v2/ekka-html/assets/fonts/oswald/Oswald-Bold.ttf]
[loopinfosol.in/themeforest/ekka-html-v2/ekka-html/assets/images/email-template/newsletter-bg.png]
[loopinfosol.in/themeforest/ekka-html-v2/ekka-html/assets/images/common/loader.gif]
[loopinfosol.in/themeforest/ekka-html-v2/ekka-html/assets/images/bg/display-bg-0.png]
[loopinfosol.in/themeforest/ekka-html-v2/ekka-html/assets/images/bg/display-bg-1.png]
[loopinfosol.in/themeforest/ekka-html-v2/ekka-html/assets/images/bg/display-bg-2.png]
[loopinfosol.in/themeforest/ekka-html-v2/ekka-html/assets/images/bg/display-bg-3.png]
[loopinfosol.in/themeforest/ekka-html-v2/ekka-html/assets/images/common/arrow-down-light.png]
[loopinfosol.in/themeforest/ekka-html-v2/ekka-html/assets/images/main-slider-banner/1.jpg]
[loopinfosol.in/themeforest/ekka-html-v2/ekka-html/assets/images/main-slider-banner/2.jpg]
[loopinfosol.in/themeforest/ekka-html-v2/ekka-html/assets/images/main-slider-banner/3.jpg]
[loopinfosol.in/themeforest/ekka-html-v2/ekka-html/assets/images/common/pro-loader.gif]
[loopinfosol.in/themeforest/ekka-html-v2/ekka-html/assets/images/offer-image/offer_bg.jpg]
[loopinfosol.in/themeforest/ekka-html-v2/ekka-html/assets/css/demo1.css]
[loopinfosol.in/themeforest/ekka-html-v2/ekka-html/assets/css/responsive.css]
[loopinfosol.in/themeforest/ekka-html-v2/ekka-html/assets/css/backgrounds/bg-4.css]
[loopinfosol.in/themeforest/ekka-html-v2/ekka-html/assets/images/icons/user.svg]
[loopinfosol.in/themeforest/ekka-html-v2/ekka-html/assets/css/plugins/nouislider.css]
[loopinfosol.in/themeforest/ekka-html-v2/ekka-html/register.html]
[loopinfosol.in/themeforest/ekka-html-v2/ekka-html/assets/css/style.css]
[loopinfosol.in/themeforest/ekka-html-v2/ekka-html/assets/images/icons/payment1.png]
[loopinfosol.in/themeforest/ekka-html-v2/ekka-html/assets/images/icons/payment2.png]
[loopinfosol.in/themeforest/ekka-html-v2/ekka-html/assets/images/icons/payment3.png]
[loopinfosol.in/themeforest/ekka-html-v2/ekka-html/assets/images/icons/payment4.png]
[loopinfosol.in/themeforest/ekka-html-v2/ekka-html/assets/images/icons/payment5.png]
[loopinfosol.in/themeforest/ekka-html-v2/ekka-html/assets/images/icons/payment6.png]
[loopinfosol.in/themeforest/ekka-html-v2/ekka-html/assets/images/icons/payment7.png]
[loopinfosol.in/themeforest/ekka-html-v2/ekka-html/checkout.html]
[loopinfosol.in/themeforest/ekka-html-v2/ekka-html/banner.html]
[loopinfosol.in/themeforest/ekka-html-v2/ekka-html/login.html]
[loopinfosol.in/themeforest/ekka-html-v2/ekka-html/wishlist.html]
[loopinfosol.in/themeforest/ekka-html-v2/ekka-html/assets/images/icons/wishlist.svg]
[loopinfosol.in/themeforest/ekka-html-v2/ekka-html/assets/images/icons/cart.svg]
[loopinfosol.in/themeforest/ekka-html-v2/ekka-html/assets/images/icons/menu.svg]
[loopinfosol.in/themeforest/ekka-html-v2/ekka-html/assets/images/icons/search.svg]
[loopinfosol.in/themeforest/ekka-html-v2/ekka-html/assets/images/icons/grid.svg]
[loopinfosol.in/themeforest/ekka-html-v2/ekka-html/assets/images/icons/list.svg]
[loopinfosol.in/themeforest/ekka-html-v2/ekka-html/shop-left-sidebar-col-3.html]
[loopinfosol.in/themeforest/ekka-html-v2/ekka-html/shop-left-sidebar-col-4.html]
[loopinfosol.in/themeforest/ekka-html-v2/ekka-html/assets/js/plugins/nouislider.js]
[loopinfosol.in/themeforest/ekka-html-v2/ekka-html/shop-right-sidebar-col-3.html]
[loopinfosol.in/themeforest/ekka-html-v2/ekka-html/shop-right-sidebar-col-4.html]
[loopinfosol.in/themeforest/ekka-html-v2/ekka-html/assets/images/icons/filter.svg]
[loopinfosol.in/themeforest/ekka-html-v2/ekka-html/shop-full-width.html]
[loopinfosol.in/themeforest/ekka-html-v2/ekka-html/shop-banner-left-sidebar-col-3.html]
[loopinfosol.in/themeforest/ekka-html-v2/ekka-html/shop-banner-left-sidebar-col-4.html]
[loopinfosol.in/themeforest/ekka-html-v2/ekka-html/shop-banner-right-sidebar-col-3.html]
[loopinfosol.in/themeforest/ekka-html-v2/ekka-html/shop-banner-right-sidebar-col-4.html]
[loopinfosol.in/themeforest/ekka-html-v2/ekka-html/shop-banner-full-width.html]
[loopinfosol.in/themeforest/ekka-html-v2/ekka-html/shop-full-width-col-3.html]
[loopinfosol.in/themeforest/ekka-html-v2/ekka-html/shop-full-width-col-4.html]
[loopinfosol.in/themeforest/ekka-html-v2/ekka-html/shop-full-width-col-5.html]
[loopinfosol.in/themeforest/ekka-html-v2/ekka-html/shop-full-width-col-6.html]
[loopinfosol.in/themeforest/ekka-html-v2/ekka-html/shop-banner-full-width-col-3.html]
[loopinfosol.in/themeforest/ekka-html-v2/ekka-html/shop-list-left-sidebar.html]
[loopinfosol.in/themeforest/ekka-html-v2/ekka-html/shop-list-right-sidebar.html]
[loopinfosol.in/themeforest/ekka-html-v2/ekka-html/shop-list-banner-left-sidebar.html]
[loopinfosol.in/themeforest/ekka-html-v2/ekka-html/shop-list-banner-right-sidebar.html]
[loopinfosol.in/themeforest/ekka-html-v2/ekka-html/shop-list-full-col-2.html]
[loopinfosol.in/themeforest/ekka-html-v2/ekka-html/assets/images/product-image/9_4.jpg]
[loopinfosol.in/themeforest/ekka-html-v2/ekka-html/assets/images/review-image/1.jpg]
[loopinfosol.in/themeforest/ekka-html-v2/ekka-html/assets/images/review-image/2.jpg]
[loopinfosol.in/themeforest/ekka-html-v2/ekka-html/product-left-sidebar.html]
[loopinfosol.in/themeforest/ekka-html-v2/ekka-html/product-right-sidebar.html]
[loopinfosol.in/themeforest/ekka-html-v2/ekka-html/assets/images/icons/360-degrees.png]
[loopinfosol.in/themeforest/ekka-html-v2/ekka-html/assets/images/product-360/1_1.jpg]
[loopinfosol.in/themeforest/ekka-html-v2/ekka-html/assets/images/product-360/1_2.jpg]
[loopinfosol.in/themeforest/ekka-html-v2/ekka-html/assets/images/product-360/1_3.jpg]
[loopinfosol.in/themeforest/ekka-html-v2/ekka-html/assets/images/product-360/1_4.jpg]
[loopinfosol.in/themeforest/ekka-html-v2/ekka-html/assets/images/product-360/1_5.jpg]
[loopinfosol.in/themeforest/ekka-html-v2/ekka-html/assets/images/product-360/00.jpg]
[loopinfosol.in/themeforest/ekka-html-v2/ekka-html/assets/images/product-360/01.jpg]
[loopinfosol.in/themeforest/ekka-html-v2/ekka-html/assets/images/product-360/02.jpg]
[loopinfosol.in/themeforest/ekka-html-v2/ekka-html/assets/images/product-360/03.jpg]
[loopinfosol.in/themeforest/ekka-html-v2/ekka-html/assets/images/product-360/04.jpg]
[loopinfosol.in/themeforest/ekka-html-v2/ekka-html/assets/images/product-360/05.jpg]
[loopinfosol.in/themeforest/ekka-html-v2/ekka-html/assets/images/product-360/06.jpg]
[loopinfosol.in/themeforest/ekka-html-v2/ekka-html/assets/images/product-360/07.jpg]
[loopinfosol.in/themeforest/ekka-html-v2/ekka-html/assets/images/product-360/08.jpg]
[loopinfosol.in/themeforest/ekka-html-v2/ekka-html/assets/images/product-360/09.jpg]
[loopinfosol.in/themeforest/ekka-html-v2/ekka-html/assets/images/product-360/10.jpg]
[loopinfosol.in/themeforest/ekka-html-v2/ekka-html/assets/images/product-360/11.jpg]
[loopinfosol.in/themeforest/ekka-html-v2/ekka-html/assets/images/product-360/12.jpg]
[loopinfosol.in/themeforest/ekka-html-v2/ekka-html/assets/images/product-360/13.jpg]
[loopinfosol.in/themeforest/ekka-html-v2/ekka-html/assets/images/product-360/14.jpg]
[loopinfosol.in/themeforest/ekka-html-v2/ekka-html/assets/images/product-360/15.jpg]
[loopinfosol.in/themeforest/ekka-html-v2/ekka-html/assets/images/icons/play.svg]
[loopinfosol.in/themeforest/ekka-html-v2/ekka-html/assets/images/icons/stop.svg]
[loopinfosol.in/themeforest/ekka-html-v2/ekka-html/assets/js/plugins/product-360.js]
[loopinfosol.in/themeforest/ekka-html-v2/ekka-html/product-360-left-sidebar.html]
[loopinfosol.in/themeforest/ekka-html-v2/ekka-html/product-360-right-sidebar.html]
[loopinfosol.in/themeforest/ekka-html-v2/ekka-html/assets/images/icons/video.svg]
[loopinfosol.in/themeforest/ekka-html-v2/ekka-html/assets/images/banner/9.jpg]
[loopinfosol.in/themeforest/ekka-html-v2/ekka-html/assets/video/1.mp4]
[loopinfosol.in/themeforest/ekka-html-v2/ekka-html/product-video-left-sidebar.html]
[loopinfosol.in/themeforest/ekka-html-v2/ekka-html/product-video-right-sidebar.html]
[loopinfosol.in/themeforest/ekka-html-v2/ekka-html/assets/css/plugins/magnific-popup.css]
[loopinfosol.in/themeforest/ekka-html-v2/ekka-html/product-gallery-left-sidebar.html]
[loopinfosol.in/themeforest/ekka-html-v2/ekka-html/product-gallery-right-sidebar.html]
[loopinfosol.in/themeforest/ekka-html-v2/ekka-html/product-full-width.html]
[loopinfosol.in/themeforest/ekka-html-v2/ekka-html/product-360-full-width.html]
[loopinfosol.in/themeforest/ekka-html-v2/ekka-html/product-video-full-width.html]
[loopinfosol.in/themeforest/ekka-html-v2/ekka-html/product-gallery-full-width.html]
[loopinfosol.in/themeforest/ekka-html-v2/ekka-html/assets/images/offer-image/1.jpg]
[loopinfosol.in/themeforest/ekka-html-v2/ekka-html/about-us.html]
[loopinfosol.in/themeforest/ekka-html-v2/ekka-html/contact-us.html]
[loopinfosol.in/themeforest/ekka-html-v2/ekka-html/assets/images/product-image/2.jpg]
[loopinfosol.in/themeforest/ekka-html-v2/ekka-html/assets/images/product-image/3.jpg]
[loopinfosol.in/themeforest/ekka-html-v2/ekka-html/assets/images/product-image/4.jpg]
[loopinfosol.in/themeforest/ekka-html-v2/ekka-html/cart.html]
[loopinfosol.in/themeforest/ekka-html-v2/ekka-html/compare.html]
[loopinfosol.in/themeforest/ekka-html-v2/ekka-html/faq.html]
[loopinfosol.in/themeforest/ekka-html-v2/ekka-html/assets/images/icons/track_1.png]
[loopinfosol.in/themeforest/ekka-html-v2/ekka-html/assets/images/icons/track_2.png]
[loopinfosol.in/themeforest/ekka-html-v2/ekka-html/assets/images/icons/track_3.png]
[loopinfosol.in/themeforest/ekka-html-v2/ekka-html/assets/images/icons/track_4.png]
[loopinfosol.in/themeforest/ekka-html-v2/ekka-html/assets/images/icons/track_5.png]
[loopinfosol.in/themeforest/ekka-html-v2/ekka-html/track-order.html]
[loopinfosol.in/themeforest/ekka-html-v2/ekka-html/terms-condition.html]
[loopinfosol.in/themeforest/ekka-html-v2/ekka-html/privacy-policy.html]
[loopinfosol.in/themeforest/ekka-html-v2/ekka-html/assets/images/email-template/confirm-email-1.jpg]
[loopinfosol.in/themeforest/ekka-html-v2/ekka-html/email-template-confirm-1.html]
[loopinfosol.in/themeforest/ekka-html-v2/ekka-html/assets/images/email-template/divider.png]
[loopinfosol.in/themeforest/ekka-html-v2/ekka-html/assets/images/email-template/confirm-email-2.jpg]
[loopinfosol.in/themeforest/ekka-html-v2/ekka-html/assets/images/email-template/mail_gif.gif]
[loopinfosol.in/themeforest/ekka-html-v2/ekka-html/assets/images/email-template/facebook.png]
[loopinfosol.in/themeforest/ekka-html-v2/ekka-html/assets/images/email-template/twitter.png]
[loopinfosol.in/themeforest/ekka-html-v2/ekka-html/assets/images/email-template/instagram.png]
[loopinfosol.in/themeforest/ekka-html-v2/ekka-html/email-template-confirm-2.html]
[loopinfosol.in/themeforest/ekka-html-v2/ekka-html/assets/images/email-template/confirm-email-3.jpg]
[loopinfosol.in/themeforest/ekka-html-v2/ekka-html/__UNSUB__]
[loopinfosol.in/themeforest/ekka-html-v2/ekka-html/email-template-confirm-3.html]
[loopinfosol.in/themeforest/ekka-html-v2/ekka-html/assets/images/email-template/confirm-email-4.jpg]
[loopinfosol.in/themeforest/ekka-html-v2/ekka-html/assets/images/email-template/facebook_1.png]
[loopinfosol.in/themeforest/ekka-html-v2/ekka-html/assets/images/email-template/twitter_1.png]
[loopinfosol.in/themeforest/ekka-html-v2/ekka-html/assets/images/email-template/instagram_1.png]
[loopinfosol.in/themeforest/ekka-html-v2/ekka-html/assets/images/email-template/linkedin_1.png]
[loopinfosol.in/themeforest/ekka-html-v2/ekka-html/assets/images/email-template/youtube_1.png]
[loopinfosol.in/themeforest/ekka-html-v2/ekka-html/www.example.com]
[loopinfosol.in/themeforest/ekka-html-v2/ekka-html/email-template-confirm-4.html]
[loopinfosol.in/themeforest/ekka-html-v2/ekka-html/assets/images/email-template/confirm-email-5.jpg]
[loopinfosol.in/themeforest/ekka-html-v2/ekka-html/email-template-confirm-5.html]
[loopinfosol.in/themeforest/ekka-html-v2/ekka-html/assets/images/email-template/forgot-email-1.jpg]
[loopinfosol.in/themeforest/ekka-html-v2/ekka-html/assets/images/email-template/facebook_2.png]
[loopinfosol.in/themeforest/ekka-html-v2/ekka-html/assets/images/email-template/twitter_2.png]
[loopinfosol.in/themeforest/ekka-html-v2/ekka-html/assets/images/email-template/instagram_2.png]
[loopinfosol.in/themeforest/ekka-html-v2/ekka-html/assets/images/email-template/linkedin_2.png]
[loopinfosol.in/themeforest/ekka-html-v2/ekka-html/email-template-forgot-password-1.html]
[loopinfosol.in/themeforest/ekka-html-v2/ekka-html/assets/images/email-template/forgot-email-6.png]
[loopinfosol.in/themeforest/ekka-html-v2/ekka-html/email-template-forgot-password-2.html]
[loopinfosol.in/themeforest/ekka-html-v2/ekka-html/assets/images/email-template/forgot-email-2.jpg]
[loopinfosol.in/themeforest/ekka-html-v2/ekka-html/email-template-forgot-password-3.html]
[loopinfosol.in/themeforest/ekka-html-v2/ekka-html/assets/images/email-template/forgot-email-4.jpg]
[loopinfosol.in/themeforest/ekka-html-v2/ekka-html/email-template-forgot-password-4.html]
[d1oco4z2z1fhwp.cloudfront.net/templates/default/2971/bg-white-rombo.png]
[loopinfosol.in/themeforest/ekka-html-v2/ekka-html/assets/images/email-template/forgot-email-5.jpg]
[loopinfosol.in/themeforest/ekka-html-v2/ekka-html/email-template-forgot-password-5.html]
[loopinfosol.in/themeforest/ekka-html-v2/ekka-html/assets/images/email-template/offer-email-9.jpg]
[loopinfosol.in/themeforest/ekka-html-v2/ekka-html/assets/images/email-template/services_1.png]
[loopinfosol.in/themeforest/ekka-html-v2/ekka-html/assets/images/email-template/services_2.png]
[loopinfosol.in/themeforest/ekka-html-v2/ekka-html/assets/images/email-template/services_3.png]
[loopinfosol.in/themeforest/ekka-html-v2/ekka-html/email-template-offers-1.html]
[loopinfosol.in/themeforest/ekka-html-v2/ekka-html/assets/images/email-template/offer-email-10.jpg]
[loopinfosol.in/themeforest/ekka-html-v2/ekka-html/assets/images/blog-image/1.jpg]
[loopinfosol.in/themeforest/ekka-html-v2/ekka-html/assets/images/blog-image/2.jpg]
[loopinfosol.in/themeforest/ekka-html-v2/ekka-html/assets/images/blog-image/3.jpg]
[loopinfosol.in/themeforest/ekka-html-v2/ekka-html/assets/images/blog-image/4.jpg]
[loopinfosol.in/themeforest/ekka-html-v2/ekka-html/email-template-offers-2.html]
[loopinfosol.in/themeforest/ekka-html-v2/ekka-html/assets/images/email-template/offer-email-2.jpg]
[loopinfosol.in/themeforest/ekka-html-v2/ekka-html/assets/images/email-template/fashion-pic-1.png]
[loopinfosol.in/themeforest/ekka-html-v2/ekka-html/assets/images/email-template/fashion-pic-2.png]
[loopinfosol.in/themeforest/ekka-html-v2/ekka-html/{{ unsubscribe_link }}]
[loopinfosol.in/themeforest/ekka-html-v2/ekka-html/email-template-offers-3.html]
[loopinfosol.in/themeforest/ekka-html-v2/ekka-html/assets/images/email-template/offer-email-3.jpg]
[loopinfosol.in/themeforest/ekka-html-v2/ekka-html/assets/images/email-template/up_icon.png]
[loopinfosol.in/themeforest/ekka-html-v2/ekka-html/assets/images/email-template/offer-email-14.png]
[loopinfosol.in/themeforest/ekka-html-v2/ekka-html/email-template-offers-4.html]
[loopinfosol.in/themeforest/ekka-html-v2/ekka-html/assets/images/email-template/offer-email-12.jpg]
[loopinfosol.in/themeforest/ekka-html-v2/ekka-html/email-template-offers-5.html]
[loopinfosol.in/themeforest/ekka-html-v2/ekka-html/assets/images/email-template/offer-email-11.jpg]
[loopinfosol.in/themeforest/ekka-html-v2/ekka-html/email-template-offers-6.html]
[loopinfosol.in/themeforest/ekka-html-v2/ekka-html/assets/images/email-template/offer-email-15.png]
[loopinfosol.in/themeforest/ekka-html-v2/ekka-html/assets/images/email-template/rating.png]
[loopinfosol.in/themeforest/ekka-html-v2/ekka-html/email-template-offers-7.html]
[loopinfosol.in/themeforest/ekka-html-v2/ekka-html/assets/images/blog-image/5.jpg]
[loopinfosol.in/themeforest/ekka-html-v2/ekka-html/assets/images/blog-image/6.jpg]
[loopinfosol.in/themeforest/ekka-html-v2/ekka-html/email-template-offers-8.html]
[loopinfosol.in/themeforest/ekka-html-v2/ekka-html/assets/images/vendor/5.jpg]
[loopinfosol.in/themeforest/ekka-html-v2/ekka-html/assets/js/plugins/chart.min.js]
[loopinfosol.in/themeforest/ekka-html-v2/ekka-html/vendor-dashboard.html]
[loopinfosol.in/themeforest/ekka-html-v2/ekka-html/assets/js/chart-main.js]
[loopinfosol.in/themeforest/ekka-html-v2/ekka-html/vendor-profile.html]
[loopinfosol.in/themeforest/ekka-html-v2/ekka-html/assets/js/vendor/bootstrap-tagsinput.js]
[loopinfosol.in/themeforest/ekka-html-v2/ekka-html/assets/images/icons/edit.svg]
[loopinfosol.in/themeforest/ekka-html-v2/ekka-html/assets/images/product-image/vender-upload-preview.jpg]
[loopinfosol.in/themeforest/ekka-html-v2/ekka-html/assets/images/product-image/vender-upload-thumb-preview.jpg]
[loopinfosol.in/themeforest/ekka-html-v2/ekka-html/vendor-uploads.html]
[loopinfosol.in/themeforest/ekka-html-v2/ekka-html/assets/images/banner/7.jpg]
[loopinfosol.in/themeforest/ekka-html-v2/ekka-html/vendor-settings.html]
[loopinfosol.in/themeforest/ekka-html-v2/ekka-html/assets/images/user/1.jpg]
[loopinfosol.in/themeforest/ekka-html-v2/ekka-html/assets/images/banner/8.jpg]
[loopinfosol.in/themeforest/ekka-html-v2/ekka-html/user-profile.html]
[loopinfosol.in/themeforest/ekka-html-v2/ekka-html/assets/images/product-image/5.jpg]
[loopinfosol.in/themeforest/ekka-html-v2/ekka-html/assets/images/product-image/6.jpg]
[loopinfosol.in/themeforest/ekka-html-v2/ekka-html/assets/images/product-image/7.jpg]
[loopinfosol.in/themeforest/ekka-html-v2/ekka-html/user-history.html]
[loopinfosol.in/themeforest/ekka-html-v2/ekka-html/assets/images/product-image/pro_1/1_1.jpg]
[loopinfosol.in/themeforest/ekka-html-v2/ekka-html/assets/images/product-image/pro_1/2_1.jpg]
[loopinfosol.in/themeforest/ekka-html-v2/ekka-html/assets/images/product-image/pro_1/3_1.jpg]
[loopinfosol.in/themeforest/ekka-html-v2/ekka-html/assets/images/product-image/pro_1/4_1.jpg]
[loopinfosol.in/themeforest/ekka-html-v2/ekka-html/user-invoice.html]
[loopinfosol.in/themeforest/ekka-html-v2/ekka-html/assets/images/common/404.png]
[loopinfosol.in/themeforest/ekka-html-v2/ekka-html/assets/js/plugins/coming-soon.js]
[loopinfosol.in/themeforest/ekka-html-v2/ekka-html/404-error-page.html]
[loopinfosol.in/themeforest/ekka-html-v2/ekka-html/assets/images/common/maintenance2.gif]
[loopinfosol.in/themeforest/ekka-html-v2/ekka-html/under-maintenance.html]
[loopinfosol.in/themeforest/ekka-html-v2/ekka-html/assets/js/vendor/particles.min.js]
[loopinfosol.in/themeforest/ekka-html-v2/ekka-html/assets/js/vendor/app.js]
[loopinfosol.in/themeforest/ekka-html-v2/ekka-html/coming-soon.html]
[loopinfosol.in/themeforest/ekka-html-v2/ekka-html/catalog-single-vendor.html]
[loopinfosol.in/themeforest/ekka-html-v2/ekka-html/assets/images/vendor/1.jpg]
[loopinfosol.in/themeforest/ekka-html-v2/ekka-html/assets/images/vendor/2.jpg]
[loopinfosol.in/themeforest/ekka-html-v2/ekka-html/assets/images/vendor/3.jpg]
[loopinfosol.in/themeforest/ekka-html-v2/ekka-html/assets/images/vendor/4.jpg]
[loopinfosol.in/themeforest/ekka-html-v2/ekka-html/catalog-multi-vendor.html]
[loopinfosol.in/themeforest/ekka-html-v2/ekka-html/blog-left-sidebar.html]
[loopinfosol.in/themeforest/ekka-html-v2/ekka-html/blog-right-sidebar.html]
[loopinfosol.in/themeforest/ekka-html-v2/ekka-html/assets/images/blog-image/7.jpg]
[loopinfosol.in/themeforest/ekka-html-v2/ekka-html/assets/images/blog-image/9.jpg]
[loopinfosol.in/themeforest/ekka-html-v2/ekka-html/assets/images/blog-image/10.jpg]
[loopinfosol.in/themeforest/ekka-html-v2/ekka-html/blog-detail-left-sidebar.html]
[loopinfosol.in/themeforest/ekka-html-v2/ekka-html/blog-detail-right-sidebar.html]
[loopinfosol.in/themeforest/ekka-html-v2/ekka-html/blog-full-width.html]
[loopinfosol.in/themeforest/ekka-html-v2/ekka-html/blog-detail-full-width.html]
[loopinfosol.in/themeforest/ekka-html-v2/ekka-html/assets/images/product-image/18_1.jpg]
[loopinfosol.in/themeforest/ekka-html-v2/ekka-html/elemets-products.html]
[loopinfosol.in/themeforest/ekka-html-v2/ekka-html/elemets-typography.html]
[loopinfosol.in/themeforest/ekka-html-v2/ekka-html/elemets-title.html]
[loopinfosol.in/themeforest/ekka-html-v2/ekka-html/assets/images/category-image/1.jpg]
[loopinfosol.in/themeforest/ekka-html-v2/ekka-html/assets/images/category-image/2.jpg]
[loopinfosol.in/themeforest/ekka-html-v2/ekka-html/assets/images/category-image/3.jpg]
[loopinfosol.in/themeforest/ekka-html-v2/ekka-html/assets/images/category-image/4.jpg]
[loopinfosol.in/themeforest/ekka-html-v2/ekka-html/assets/images/category-image/5.jpg]
[loopinfosol.in/themeforest/ekka-html-v2/ekka-html/assets/images/cat-banner/5.jpg]
[loopinfosol.in/themeforest/ekka-html-v2/ekka-html/assets/images/cat-banner/6.jpg]
[loopinfosol.in/themeforest/ekka-html-v2/ekka-html/assets/images/cat-banner/7.jpg]
[loopinfosol.in/themeforest/ekka-html-v2/ekka-html/assets/images/cat-banner/8.jpg]
[loopinfosol.in/themeforest/ekka-html-v2/ekka-html/assets/images/cat-banner/9.jpg]
[loopinfosol.in/themeforest/ekka-html-v2/ekka-html/assets/images/cat-banner/10.jpg]
[loopinfosol.in/themeforest/ekka-html-v2/ekka-html/assets/images/cat-banner/11.jpg]
[loopinfosol.in/themeforest/ekka-html-v2/ekka-html/assets/images/cat-banner/12.jpg]
[loopinfosol.in/themeforest/ekka-html-v2/ekka-html/assets/images/cat-banner/13.jpg]
[loopinfosol.in/themeforest/ekka-html-v2/ekka-html/assets/images/cat-banner/14.jpg]
[loopinfosol.in/themeforest/ekka-html-v2/ekka-html/elemets-categories.html]
[loopinfosol.in/themeforest/ekka-html-v2/ekka-html/elemets-buttons.html]
[loopinfosol.in/themeforest/ekka-html-v2/ekka-html/elemets-tabs.html]
[loopinfosol.in/themeforest/ekka-html-v2/ekka-html/elemets-accordions.html]
[loopinfosol.in/themeforest/ekka-html-v2/ekka-html/elemets-blog.html]
[loopinfosol.in/themeforest/ekka-html-v2/ekka-html/assets/images/offer-image/2.jpg]
[loopinfosol.in/themeforest/ekka-html-v2/ekka-html/assets/images/offer-image/3.jpg]
[loopinfosol.in/themeforest/ekka-html-v2/ekka-html/assets/images/offer-image/4.jpg]
[loopinfosol.in/themeforest/ekka-html-v2/ekka-html/assets/images/offer-image/offer-banner-06.jpg]
[loopinfosol.in/themeforest/ekka-html-v2/ekka-html/assets/js/plugins/hot-offer.js]
[loopinfosol.in/themeforest/ekka-html-v2/ekka-html/offer.html]
[loopinfosol.in/themeforest/ekka-html-v2/ekka-html/assets/images/icons/quickview.svg]
[loopinfosol.in/themeforest/ekka-html-v2/ekka-html/assets/images/icons/compare.svg]
[loopinfosol.in/themeforest/ekka-html-v2/ekka-html/assets/images/icons/service_1.svg]
[loopinfosol.in/themeforest/ekka-html-v2/ekka-html/assets/images/icons/service_2.svg]
[loopinfosol.in/themeforest/ekka-html-v2/ekka-html/assets/images/icons/service_3.svg]
[loopinfosol.in/themeforest/ekka-html-v2/ekka-html/assets/images/icons/service_4.svg]
[loopinfosol.in/themeforest/ekka-html-v2/ekka-html/assets/images/testimonial/top-quotes.svg]
[loopinfosol.in/themeforest/ekka-html-v2/ekka-html/assets/images/testimonial/bottom-quotes.svg]
[loopinfosol.in/themeforest/ekka-html-v2/ekka-html/assets/images/icons/home.svg]
[loopinfosol.in/themeforest/ekka-html-v2/ekka-html/assets/js/vendor/jquery-3.5.1.min.js]
[loopinfosol.in/themeforest/ekka-html-v2/ekka-html/assets/js/vendor/popper.min.js]
[loopinfosol.in/themeforest/ekka-html-v2/ekka-html/assets/js/vendor/bootstrap.min.js]
[loopinfosol.in/themeforest/ekka-html-v2/ekka-html/Use of number-typed values is deprecated in jQuery.fn.css]
[loopinfosol.in/themeforest/ekka-html-v2/ekka-html/assets/js/vendor/jquery-migrate-3.3.0.min.js]
[loopinfosol.in/themeforest/ekka-html-v2/ekka-html/assets/js/vendor/modernizr-3.11.2.min.js]
[loopinfosol.in/themeforest/ekka-html-v2/ekka-html/e]
[loopinfosol.in/themeforest/ekka-html-v2/ekka-html/this.params.url]
[loopinfosol.in/themeforest/ekka-html-v2/ekka-html/assets/js/plugins/swiper-bundle.min.js]
[loopinfosol.in/themeforest/ekka-html-v2/ekka-html/assets/js/plugins/countdownTimer.min.js]
[loopinfosol.in/themeforest/ekka-html-v2/ekka-html/assets/js/plugins/scrollup.js]
[loopinfosol.in/themeforest/ekka-html-v2/ekka-html/assets/js/plugins/jquery.zoom.min.js]
[loopinfosol.in/themeforest/ekka-html-v2/ekka-html/assets/js/plugins/slick.min.js]
[loopinfosol.in/themeforest/ekka-html-v2/ekka-html/assets/js/plugins/infiniteslidev2.js]
[loopinfosol.in/themeforest/ekka-html-v2/ekka-html/assets/js/vendor/jquery.magnific-popup.min.js]
[loopinfosol.in/themeforest/ekka-html-v2/ekka-html/assets/js/plugins/jquery.sticky-sidebar.js]
[loopinfosol.in/themeforest/ekka-html-v2/ekka-html/assets/js/vendor/index.js]
[loopinfosol.in/themeforest/ekka-html-v2/ekka-html/assets/js/main.js]
[loopinfosol.in/themeforest/ekka-html-v2/ekka-html/assets/fonts/ecicons/ecicons3e6e.svg]
[loopinfosol.in/themeforest/ekka-html-v2/ekka-html/assets/css/plugins/images/ui-icons_444444_256x240.html]
[loopinfosol.in/themeforest/ekka-html-v2/ekka-html/assets/css/plugins/images/ui-icons_555555_256x240.html]
[loopinfosol.in/themeforest/ekka-html-v2/ekka-html/assets/css/plugins/images/ui-icons_ffffff_256x240.html]
[loopinfosol.in/themeforest/ekka-html-v2/ekka-html/assets/css/plugins/images/ui-icons_777620_256x240.html]
[loopinfosol.in/themeforest/ekka-html-v2/ekka-html/assets/css/plugins/images/ui-icons_cc0000_256x240.html]
[loopinfosol.in/themeforest/ekka-html-v2/ekka-html/assets/css/plugins/images/ui-icons_777777_256x240.html]
[loopinfosol.in/themeforest/ekka-html-v2/ekka-html/assets/images/main-slider-banner/3.html]
[loopinfosol.in/themeforest/ekka-html-v2/ekka-html/assets/css/plugins/nouislider.css]
[loopinfosol.in/themeforest/ekka-html-v2/ekka-html/assets/images/banner/5.png]
[loopinfosol.in/themeforest/ekka-html-v2/ekka-html/assets/images/blog-image/11.jpg]
[loopinfosol.in/themeforest/ekka-html-v2/ekka-html/assets/images/blog-image/12.jpg]
[loopinfosol.in/themeforest/ekka-html-v2/ekka-html/assets/images/blog-image/13.jpg]
[loopinfosol.in/themeforest/ekka-html-v2/ekka-html/assets/images/blog-image/14.jpg]
[loopinfosol.in/themeforest/ekka-html-v2/ekka-html/assets/images/blog-image/15.jpg]
[loopinfosol.in/themeforest/ekka-html-v2/ekka-html/assets/images/blog-image/16.jpg]
[loopinfosol.in/themeforest/ekka-html-v2/ekka-html/assets/images/icons/licons.svg]
[loopinfosol.in/themeforest/ekka-html-v2/ekka-html/assets/css/style.css]
[loopinfosol.in/themeforest/ekka-html-v2/ekka-html/banner.html]
[loopinfosol.in/themeforest/ekka-html-v2/ekka-html/assets/images/icons/grid.svg]
[loopinfosol.in/themeforest/ekka-html-v2/ekka-html/assets/images/icons/list.svg]
[loopinfosol.in/themeforest/ekka-html-v2/ekka-html/assets/js/plugins/nouislider.js]
[loopinfosol.in/themeforest/ekka-html-v2/ekka-html/assets/images/icons/filter.svg]
[loopinfosol.in/themeforest/ekka-html-v2/ekka-html/assets/images/icons/play.svg]
[loopinfosol.in/themeforest/ekka-html-v2/ekka-html/assets/images/icons/stop.svg]
[loopinfosol.in/themeforest/ekka-html-v2/ekka-html/assets/js/plugins/product-360.js]
[loopinfosol.in/themeforest/ekka-html-v2/ekka-html/assets/images/icons/video.svg]
[loopinfosol.in/themeforest/ekka-html-v2/ekka-html/assets/css/plugins/magnific-popup.css]
[loopinfosol.in/themeforest/ekka-html-v2/ekka-html/__UNSUB__.html]
[loopinfosol.in/themeforest/ekka-html-v2/ekka-html/www.example.html]
[loopinfosol.in/themeforest/ekka-html-v2/ekka-html/{{ unsubscribe_link }}.html]
[loopinfosol.in/themeforest/ekka-html-v2/ekka-html/assets/js/plugins/chart.min.js]
[loopinfosol.in/themeforest/ekka-html-v2/ekka-html/assets/js/chart-main.js]
[loopinfosol.in/themeforest/ekka-html-v2/ekka-html/assets/js/vendor/bootstrap-tagsinput.js]
[loopinfosol.in/themeforest/ekka-html-v2/ekka-html/assets/images/icons/edit.svg]
[loopinfosol.in/themeforest/ekka-html-v2/ekka-html/assets/images/product-image/pro_1/1_1.html]
[loopinfosol.in/themeforest/ekka-html-v2/ekka-html/assets/images/product-image/pro_1/2_1.html]
[loopinfosol.in/themeforest/ekka-html-v2/ekka-html/assets/images/product-image/pro_1/3_1.html]
[loopinfosol.in/themeforest/ekka-html-v2/ekka-html/assets/images/product-image/pro_1/4_1.html]
[loopinfosol.in/themeforest/ekka-html-v2/ekka-html/assets/js/plugins/coming-soon.js]
[loopinfosol.in/themeforest/ekka-html-v2/ekka-html/GET]
[loopinfosol.in/themeforest/ekka-html-v2/ekka-html/Error pJS - No image.src]
[loopinfosol.in/themeforest/ekka-html-v2/ekka-html/assets/js/vendor/particles.min.js]
[loopinfosol.in/themeforest/ekka-html-v2/ekka-html/assets/js/vendor/app.js]
[loopinfosol.in/themeforest/ekka-html-v2/ekka-html/assets/js/plugins/hot-offer.js]
[loopinfosol.in/themeforest/ekka-html-v2/ekka-html/Use of number-typed values is deprecated in jQuery.fn.html]
[loopinfosol.in/themeforest/ekka-html-v2/ekka-html/e.html]
[loopinfosol.in/themeforest/ekka-html-v2/ekka-html/this.params.html]
[loopinfosol.in/themeforest/ekka-html-v2/ekka-html/assets/images/icons/licons.svg]
[loopinfosol.in/themeforest/ekka-html-v2/ekka-html/GET.html]
[loopinfosol.in/themeforest/ekka-html-v2/ekka-html/Error pJS - No image.html]
